<?xml version="1.0" encoding="UTF-8"?>
<!-- Generated by org.testng.reporters.JUnitXMLReporter -->
<testsuite ignored="4" hostname="LAPTOP-1DVQM3GP" failures="1" tests="3" name="Test" time="50.717" errors="0" timestamp="2024-04-12T08:04:59 IST">
  <testcase classname="testcases.Scenarios" name="loginFlow" time="0.264"/>
  <testcase classname="testcases.Scenarios" name="productListingVerification" time="0.201"/>
  <testcase classname="testcases.Scenarios" name="purposelyFailLoginFlow" time="0.517">
    <failure type="java.lang.AssertionError" message="Swag Labs text is not matching expected [true] but found [false]">
      <![CDATA[java.lang.AssertionError: Swag Labs text is not matching expected [true] but found [false]
at testcases.Scenarios.purposelyFailLoginFlow(Scenarios.java:198)
at java.base/java.util.ArrayList.forEach(ArrayList.java:1597)
... Removed 28 stack frames]]>
    </failure>
  </testcase> <!-- purposelyFailLoginFlow -->
  <testcase classname="testcases.Scenarios" name="addingToCart" time="0.0">
    <ignored/>
  </testcase> <!-- addingToCart -->
  <testcase classname="testcases.Scenarios" name="sortingCheck" time="0.0">
    <ignored/>
  </testcase> <!-- sortingCheck -->
  <testcase classname="testcases.Scenarios" name="additional_Case" time="0.0">
    <ignored/>
  </testcase> <!-- additional_Case -->
  <testcase classname="testcases.Scenarios" name="checkOut" time="0.0">
    <ignored/>
  </testcase> <!-- checkOut -->
</testsuite> <!-- Test -->
